============================= test session starts ==============================
platform linux -- Python 3.11.15, pytest-9.0.2, pluggy-1.6.0 -- /home/AgentAdmin/hermes-agent/venv/bin/python3
cachedir: .pytest_cache
rootdir: /home/AgentAdmin/.hermes/shared/dev-team/projects/knowledge-subscription
plugins: asyncio-1.3.0, timeout-2.4.0, anyio-4.12.1
asyncio: mode=Mode.STRICT, debug=False, asyncio_default_fixture_loop_scope=None, asyncio_default_test_loop_scope=function
collecting ... collected 10 items

tests/test_sample_pack_current.py::test_free_preview_exists PASSED       [ 10%]
tests/test_sample_pack_current.py::test_premium_catalog_exists PASSED    [ 20%]
tests/test_sample_pack_current.py::test_week1_samples_exist PASSED       [ 30%]
tests/test_sample_pack_current.py::test_data_json_exists PASSED          [ 40%]
tests/test_sample_pack_current.py::test_delivery_checklist_exists PASSED [ 50%]
tests/test_sample_pack_current.py::test_code_generator_exists PASSED     [ 60%]
tests/test_sample_pack_current.py::test_revenue_mentions PASSED          [ 70%]
tests/test_sample_pack_current.py::test_opportunity_items_count PASSED   [ 80%]
tests/test_sample_pack_current.py::test_generator_runnable PASSED        [ 90%]
tests/test_sample_pack_current.py::test_all PASSED                       [100%]

============================== 10 passed in 0.10s ==============================
