============================= test session starts ==============================
platform linux -- Python 3.11.15, pytest-9.0.2, pluggy-1.6.0 -- /home/AgentAdmin/hermes-agent/venv/bin/python3
cachedir: .pytest_cache
rootdir: /home/AgentAdmin/.hermes/shared/dev-team/projects/knowledge-subscription
plugins: asyncio-1.3.0, timeout-2.4.0, anyio-4.12.1
asyncio: mode=Mode.STRICT, debug=False, asyncio_default_fixture_loop_scope=None, asyncio_default_test_loop_scope=function
collecting ... collected 8 items

tests/test_sample_pack.py::test_free_preview_exists PASSED               [ 12%]
tests/test_sample_pack.py::test_premium_catalog_exists PASSED            [ 25%]
tests/test_sample_pack.py::test_week1_samples_exist PASSED               [ 37%]
tests/test_sample_pack.py::test_data_json_exists PASSED                  [ 50%]
tests/test_sample_pack.py::test_delivery_checklist_exists PASSED         [ 62%]
tests/test_sample_pack.py::test_no_empty_files PASSED                    [ 75%]
tests/test_sample_pack.py::test_free_preview_has_cta PASSED              [ 87%]
tests/test_sample_pack.py::test_generator_script_runnable PASSED         [100%]

============================== 8 passed in 0.06s ===============================
