============================= test session starts ==============================
platform linux -- Python 3.11.15, pytest-9.0.2, pluggy-1.6.0 -- /home/AgentAdmin/hermes-agent/venv/bin/python
cachedir: .pytest_cache
rootdir: /home/AgentAdmin/.hermes/shared/dev-team/projects/knowledge-subscription
plugins: asyncio-1.3.0, timeout-2.4.0, anyio-4.12.1
asyncio: mode=Mode.STRICT, debug=False, asyncio_default_fixture_loop_scope=None, asyncio_default_test_loop_scope=function
collecting ... collected 11 items

tests/test_sample_pack.py::test_free_preview_exists PASSED               [  9%]
tests/test_sample_pack.py::test_premium_catalog_exists PASSED            [ 18%]
tests/test_sample_pack.py::test_week1_samples_exist PASSED               [ 27%]
tests/test_sample_pack.py::test_data_json_exists PASSED                  [ 36%]
tests/test_sample_pack.py::test_delivery_checklist_exists PASSED         [ 45%]
tests/test_sample_pack.py::test_code_generator_exists PASSED             [ 54%]
tests/test_sample_pack.py::test_revenue_mentions PASSED                  [ 63%]
tests/test_sample_pack.py::test_opportunity_items_count PASSED           [ 72%]
tests/test_sample_pack.py::test_week1_contains_sop PASSED                [ 81%]
tests/test_sample_pack.py::test_json_data_integrity PASSED               [ 90%]
tests/test_sample_pack.py::test_all PASSED                               [100%]

============================== 11 passed in 0.02s ==============================
