============================= test session starts ==============================
platform linux -- Python 3.11.15, pytest-9.0.2, pluggy-1.6.0 -- /home/AgentAdmin/hermes-agent/venv/bin/python3
cachedir: .pytest_cache
rootdir: /home/AgentAdmin/.hermes/shared/dev-team/projects/knowledge-subscription
plugins: asyncio-1.3.0, timeout-2.4.0, anyio-4.12.1
asyncio: mode=Mode.STRICT, debug=False, asyncio_default_fixture_loop_scope=None, asyncio_default_test_loop_scope=function
collecting ... collected 32 items

tests/test_security_risk.py::TestSecurityStatic::test_no_hardcoded_secrets_in_site PASSED [  3%]
tests/test_security_risk.py::TestSecurityStatic::test_no_xss_vectors_in_site PASSED [  6%]
tests/test_security_risk.py::TestSecurityStatic::test_no_http_plaintext_links PASSED [  9%]
tests/test_security_risk.py::TestSecurityStatic::test_no_forbidden_promise_words PASSED [ 12%]
tests/test_security_risk.py::TestSecurityStatic::test_sample_content_has_risk_disclaimers PASSED [ 15%]
tests/test_security_risk.py::TestSecurityStatic::test_sample_content_has_taskid FAILED [ 18%]
tests/test_security_risk.py::TestSecurityStatic::test_subscription_data_sanitization PASSED [ 21%]
tests/test_security_risk.py::TestCompliance::test_privacy_html_exists PASSED [ 25%]
tests/test_security_risk.py::TestCompliance::test_terms_html_exists PASSED [ 28%]
tests/test_security_risk.py::TestCompliance::test_privacy_html_has_placeholder_warning PASSED [ 31%]
tests/test_security_risk.py::TestCompliance::test_terms_html_has_placeholder_warning PASSED [ 34%]
tests/test_security_risk.py::TestCompliance::test_sales_page_has_refund_policy PASSED [ 37%]
tests/test_security_risk.py::TestCompliance::test_sales_page_has_revenue_disclaimer PASSED [ 40%]
tests/test_security_risk.py::TestCompliance::test_no_real_personal_info_in_site PASSED [ 43%]
tests/test_security_risk.py::TestCompliance::test_payment_links_are_placeholder_or_known_platforms PASSED [ 46%]
tests/test_security_risk.py::TestCompliance::test_deployment_blockers_documented PASSED [ 50%]
tests/test_security_risk.py::TestSubscriptionRisk::test_pricing_consistency PASSED [ 53%]
tests/test_security_risk.py::TestSubscriptionRisk::test_revenue_projections_reasonable PASSED [ 56%]
tests/test_security_risk.py::TestSubscriptionRisk::test_revenue_monotonically_increasing PASSED [ 59%]
tests/test_security_risk.py::TestSubscriptionRisk::test_free_user_cannot_access_paid_content PASSED [ 62%]
tests/test_security_risk.py::TestSubscriptionRisk::test_early_bird_user_cannot_access_pro_content PASSED [ 65%]
tests/test_security_risk.py::TestSubscriptionRisk::test_pro_user_can_access_all_except_custom PASSED [ 68%]
tests/test_security_risk.py::TestSubscriptionRisk::test_custom_user_can_access_all PASSED [ 71%]
tests/test_security_risk.py::TestSubscriptionRisk::test_expired_user_loses_access PASSED [ 75%]
tests/test_security_risk.py::TestSubscriptionRisk::test_no_negative_pricing PASSED [ 78%]
tests/test_security_risk.py::TestSubscriptionRisk::test_custom_plan_price_matches_expected_mrr_calculation PASSED [ 81%]
tests/test_security_risk.py::TestOpsRisk::test_support_sop_exists PASSED [ 84%]
tests/test_security_risk.py::TestOpsRisk::test_incident_runbook_exists PASSED [ 87%]
tests/test_security_risk.py::TestOpsRisk::test_customer_support_exists PASSED [ 90%]
tests/test_security_risk.py::TestOpsRisk::test_support_sop_has_escalation_path PASSED [ 93%]
tests/test_security_risk.py::TestOpsRisk::test_incident_runbook_has_recovery_steps PASSED [ 96%]
tests/test_security_risk.py::TestOpsRisk::test_kpi_dashboard_exists PASSED [100%]

=================================== FAILURES ===================================
______________ TestSecurityStatic.test_sample_content_has_taskid _______________
tests/test_security_risk.py:82: in test_sample_content_has_taskid
    assert "任务ID" in text or "task_id" in text.lower(), f"{day}.md 缺少任务ID"
E   AssertionError: monday.md 缺少任务ID
E   assert ('任务ID' in '# Monday日报 | AI客服与企业Agent：B2B服务新金矿\n\n**日期**: 2026-06-15  \n**主题**: AI客服与企业Agent：B2B服务新金矿  \n**来源**: AI赚钱机会雷达 - 专业版首周样例 v13\n\n---\n\n## 今日机会\n\n### Claude 4 智能客服 Agent 代部署服务\n**分类**: AI基础设施/B2B服务 | **难度**: ⭐⭐⭐☆☆ | **启动时间**: 10-14天\n\n**收益预估**: ¥8,000-40,000/月（毛利率85%+）\n\n基于Claude 4最新模型，为企业微信、飞书、钉钉搭建可7x24小时运行的智能客服Agent。支持知识库自动学习、工单流转、情绪识别和多轮对话。企业愿意为\'不请人的客服\'每月付¥3,000-8,000。\n\n**核心数据支撑**:\n- Anthropic 2026年6月数据: Claude 4 Opus上下文窗口200K，工具调用准确率97.2%\n- 企业微信开放客服API，支持机器人与人工无缝转接\n- 飞书机器人框架2026年Q1更新，支持MCP协议接入\n- 中小电商企业客服人力成本月均¥4,500-6,000/人\n\n**执行SOP（5步走）**:\n1. 注册Anthropic API账号，申请企业级速率（填写use-case表单）\n2. 用Python+FastAPI搭建核心对话服务，接入Claude 4 Opus，设置system prompt为企业客服角色\n3. 对接企业微信/飞书Webhook，实现消息收发；配置知识库向量化（Qdrant/Milvus）\n4. 添加情绪识别层：当用户情绪值>阈值时自动转人工，并携带完整对话上下文\n5. 定价策略：首月¥1,999试用（含5000次对话），正式¥3,999/月（不限对话）+ ¥500/知识库更新\n\n**风险提示**: 企业微信API有调用频率限制（10,000次/分钟），需申请提高限额。客户数据需签署保密协议。\n\n**AI提示词模板（专业版专属）**:\n```\n你是一位专业的电商客服代表，名字叫小智。请遵循以下规则：\n1. 回答语气亲切、简洁，每条回复不超过80字（微信阅读习惯）\n2. 遇到退货/退款/投诉类问题，先安抚情绪再给出解决方案\n3. 不知道的问题不要编造，回复"我为您转接专属顾问"\n4. 每日首次打招呼时，主动推荐当日爆款商品\n\n用户问题：{{user_question}}\n商品知识库：{{product_kb}}\n历史订单：{{order_history}}\n```\n\n**可运行代码片段（专业版专属）**:\n```\n# FastAPI + Claude 4 客服Agent核心代码...create(\n            model="claude-4-opus", max_tokens=1000,\n            messages=[{"role":"user","content":f"整理为结构化客户档案：{raw}"}]\n        )\n        return profile.content[0].text\n\n    def generate_email(self, profile: str, product: str):\n        prompt = f"基于客户档案：{profile}\\n产品：{product}\\n请撰写Cold Email（100字以内）。"\n        resp = self.claude.messages.create(model="claude-4-opus", max_tokens=300,\n            messages=[{"role":"user","content":prompt}])\n        return resp.content[0].text\n```\n\n**来源链接**:\n- https://apollo.io\n- https://www.linkedin.com/sales/navigator\n- https://www.browser-use.com\n\n\n---\n\n## 今日SOP（标准操作流程）\n\n1. 浏览今日机会的核心数据支撑，确认信息时效性\n2. 选择1个最匹配自身技能/资源的机会，评估启动时间\n3. 完成该机会SOP的第1步（如注册账号、搭建环境、市场调研）\n4. 在Notion/飞书建立个人执行看板，记录进度\n\n---\n\n## 立即行动清单\n\n勾选你今天能完成的（即使只完成1项也是进步）：\n\n- [ ] 完成今日机会第1步SOP\n- [ ] 在目标平台完成注册/环境搭建\n- [ ] 触达1个潜在客户或目标用户\n- [ ] 在Notion中建立项目执行看板\n\n---\n\n## 本周工具测评\n\n**工具**: Claude 4 Opus\n**评分**: 9.5/10\n**优点**: 工具调用准确率97.2%, 200K上下文\n**缺点**: API价格较高, 国内直连不稳定\n**结论**: 本周推荐工具，建议优先试用。\n\n---\n\n## 会员专属彩蛋\n\n> **专业版会员可见**: 附赠：今日机会完整代码包 + 10个行业专用Prompt模板\n> 订阅后在本日报底部查看下载链接。\n\n---\n\n*本报告为样例，实际专业版日报更详细，含数据图表、竞品截图、法律风险提示。*\n*生成时间: 2026-06-15*\n' or 'task_id' in '# monday日报 | ai客服与企业agent：b2b服务新金矿\n\n**日期**: 2026-06-15  \n**主题**: ai客服与企业agent：b2b服务新金矿  \n**来源**: ai赚钱机会雷达 - 专业版首周样例 v13\n\n---\n\n## 今日机会\n\n### claude 4 智能客服 agent 代部署服务\n**分类**: ai基础设施/b2b服务 | **难度**: ⭐⭐⭐☆☆ | **启动时间**: 10-14天\n\n**收益预估**: ¥8,000-40,000/月（毛利率85%+）\n\n基于claude 4最新模型，为企业微信、飞书、钉钉搭建可7x24小时运行的智能客服agent。支持知识库自动学习、工单流转、情绪识别和多轮对话。企业愿意为\'不请人的客服\'每月付¥3,000-8,000。\n\n**核心数据支撑**:\n- anthropic 2026年6月数据: claude 4 opus上下文窗口200k，工具调用准确率97.2%\n- 企业微信开放客服api，支持机器人与人工无缝转接\n- 飞书机器人框架2026年q1更新，支持mcp协议接入\n- 中小电商企业客服人力成本月均¥4,500-6,000/人\n\n**执行sop（5步走）**:\n1. 注册anthropic api账号，申请企业级速率（填写use-case表单）\n2. 用python+fastapi搭建核心对话服务，接入claude 4 opus，设置system prompt为企业客服角色\n3. 对接企业微信/飞书webhook，实现消息收发；配置知识库向量化（qdrant/milvus）\n4. 添加情绪识别层：当用户情绪值>阈值时自动转人工，并携带完整对话上下文\n5. 定价策略：首月¥1,999试用（含5000次对话），正式¥3,999/月（不限对话）+ ¥500/知识库更新\n\n**风险提示**: 企业微信api有调用频率限制（10,000次/分钟），需申请提高限额。客户数据需签署保密协议。\n\n**ai提示词模板（专业版专属）**:\n```\n你是一位专业的电商客服代表，名字叫小智。请遵循以下规则：\n1. 回答语气亲切、简洁，每条回复不超过80字（微信阅读习惯）\n2. 遇到退货/退款/投诉类问题，先安抚情绪再给出解决方案\n3. 不知道的问题不要编造，回复"我为您转接专属顾问"\n4. 每日首次打招呼时，主动推荐当日爆款商品\n\n用户问题：{{user_question}}\n商品知识库：{{product_kb}}\n历史订单：{{order_history}}\n```\n\n**可运行代码片段（专业版专属）**:\n```\n# fastapi + claude 4 客服agent核心代码...create(\n            model="claude-4-opus", max_tokens=1000,\n            messages=[{"role":"user","content":f"整理为结构化客户档案：{raw}"}]\n        )\n        return profile.content[0].text\n\n    def generate_email(self, profile: str, product: str):\n        prompt = f"基于客户档案：{profile}\\n产品：{product}\\n请撰写cold email（100字以内）。"\n        resp = self.claude.messages.create(model="claude-4-opus", max_tokens=300,\n            messages=[{"role":"user","content":prompt}])\n        return resp.content[0].text\n```\n\n**来源链接**:\n- https://apollo.io\n- https://www.linkedin.com/sales/navigator\n- https://www.browser-use.com\n\n\n---\n\n## 今日sop（标准操作流程）\n\n1. 浏览今日机会的核心数据支撑，确认信息时效性\n2. 选择1个最匹配自身技能/资源的机会，评估启动时间\n3. 完成该机会sop的第1步（如注册账号、搭建环境、市场调研）\n4. 在notion/飞书建立个人执行看板，记录进度\n\n---\n\n## 立即行动清单\n\n勾选你今天能完成的（即使只完成1项也是进步）：\n\n- [ ] 完成今日机会第1步sop\n- [ ] 在目标平台完成注册/环境搭建\n- [ ] 触达1个潜在客户或目标用户\n- [ ] 在notion中建立项目执行看板\n\n---\n\n## 本周工具测评\n\n**工具**: claude 4 opus\n**评分**: 9.5/10\n**优点**: 工具调用准确率97.2%, 200k上下文\n**缺点**: api价格较高, 国内直连不稳定\n**结论**: 本周推荐工具，建议优先试用。\n\n---\n\n## 会员专属彩蛋\n\n> **专业版会员可见**: 附赠：今日机会完整代码包 + 10个行业专用prompt模板\n> 订阅后在本日报底部查看下载链接。\n\n---\n\n*本报告为样例，实际专业版日报更详细，含数据图表、竞品截图、法律风险提示。*\n*生成时间: 2026-06-15*\n')
E    +  where '# monday日报 | ai客服与企业agent：b2b服务新金矿\n\n**日期**: 2026-06-15  \n**主题**: ai客服与企业agent：b2b服务新金矿  \n**来源**: ai赚钱机会雷达 - 专业版首周样例 v13\n\n---\n\n## 今日机会\n\n### claude 4 智能客服 agent 代部署服务\n**分类**: ai基础设施/b2b服务 | **难度**: ⭐⭐⭐☆☆ | **启动时间**: 10-14天\n\n**收益预估**: ¥8,000-40,000/月（毛利率85%+）\n\n基于claude 4最新模型，为企业微信、飞书、钉钉搭建可7x24小时运行的智能客服agent。支持知识库自动学习、工单流转、情绪识别和多轮对话。企业愿意为\'不请人的客服\'每月付¥3,000-8,000。\n\n**核心数据支撑**:\n- anthropic 2026年6月数据: claude 4 opus上下文窗口200k，工具调用准确率97.2%\n- 企业微信开放客服api，支持机器人与人工无缝转接\n- 飞书机器人框架2026年q1更新，支持mcp协议接入\n- 中小电商企业客服人力成本月均¥4,500-6,000/人\n\n**执行sop（5步走）**:\n1. 注册anthropic api账号，申请企业级速率（填写use-case表单）\n2. 用python+fastapi搭建核心对话服务，接入claude 4 opus，设置system prompt为企业客服角色\n3. 对接企业微信/飞书webhook，实现消息收发；配置知识库向量化（qdrant/milvus）\n4. 添加情绪识别层：当用户情绪值>阈值时自动转人工，并携带完整对话上下文\n5. 定价策略：首月¥1,999试用（含5000次对话），正式¥3,999/月（不限对话）+ ¥500/知识库更新\n\n**风险提示**: 企业微信api有调用频率限制（10,000次/分钟），需申请提高限额。客户数据需签署保密协议。\n\n**ai提示词模板（专业版专属）**:\n```\n你是一位专业的电商客服代表，名字叫小智。请遵循以下规则：\n1. 回答语气亲切、简洁，每条回复不超过80字（微信阅读习惯）\n2. 遇到退货/退款/投诉类问题，先安抚情绪再给出解决方案\n3. 不知道的问题不要编造，回复"我为您转接专属顾问"\n4. 每日首次打招呼时，主动推荐当日爆款商品\n\n用户问题：{{user_question}}\n商品知识库：{{product_kb}}\n历史订单：{{order_history}}\n```\n\n**可运行代码片段（专业版专属）**:\n```\n# fastapi + claude 4 客服agent核心代码...create(\n            model="claude-4-opus", max_tokens=1000,\n            messages=[{"role":"user","content":f"整理为结构化客户档案：{raw}"}]\n        )\n        return profile.content[0].text\n\n    def generate_email(self, profile: str, product: str):\n        prompt = f"基于客户档案：{profile}\\n产品：{product}\\n请撰写cold email（100字以内）。"\n        resp = self.claude.messages.create(model="claude-4-opus", max_tokens=300,\n            messages=[{"role":"user","content":prompt}])\n        return resp.content[0].text\n```\n\n**来源链接**:\n- https://apollo.io\n- https://www.linkedin.com/sales/navigator\n- https://www.browser-use.com\n\n\n---\n\n## 今日sop（标准操作流程）\n\n1. 浏览今日机会的核心数据支撑，确认信息时效性\n2. 选择1个最匹配自身技能/资源的机会，评估启动时间\n3. 完成该机会sop的第1步（如注册账号、搭建环境、市场调研）\n4. 在notion/飞书建立个人执行看板，记录进度\n\n---\n\n## 立即行动清单\n\n勾选你今天能完成的（即使只完成1项也是进步）：\n\n- [ ] 完成今日机会第1步sop\n- [ ] 在目标平台完成注册/环境搭建\n- [ ] 触达1个潜在客户或目标用户\n- [ ] 在notion中建立项目执行看板\n\n---\n\n## 本周工具测评\n\n**工具**: claude 4 opus\n**评分**: 9.5/10\n**优点**: 工具调用准确率97.2%, 200k上下文\n**缺点**: api价格较高, 国内直连不稳定\n**结论**: 本周推荐工具，建议优先试用。\n\n---\n\n## 会员专属彩蛋\n\n> **专业版会员可见**: 附赠：今日机会完整代码包 + 10个行业专用prompt模板\n> 订阅后在本日报底部查看下载链接。\n\n---\n\n*本报告为样例，实际专业版日报更详细，含数据图表、竞品截图、法律风险提示。*\n*生成时间: 2026-06-15*\n' = <built-in method lower of str object at 0x60162825a160>()
E    +    where <built-in method lower of str object at 0x60162825a160> = '# Monday日报 | AI客服与企业Agent：B2B服务新金矿\n\n**日期**: 2026-06-15  \n**主题**: AI客服与企业Agent：B2B服务新金矿  \n**来源**: AI赚钱机会雷达 - 专业版首周样例 v13\n\n---\n\n## 今日机会\n\n### Claude 4 智能客服 Agent 代部署服务\n**分类**: AI基础设施/B2B服务 | **难度**: ⭐⭐⭐☆☆ | **启动时间**: 10-14天\n\n**收益预估**: ¥8,000-40,000/月（毛利率85%+）\n\n基于Claude 4最新模型，为企业微信、飞书、钉钉搭建可7x24小时运行的智能客服Agent。支持知识库自动学习、工单流转、情绪识别和多轮对话。企业愿意为\'不请人的客服\'每月付¥3,000-8,000。\n\n**核心数据支撑**:\n- Anthropic 2026年6月数据: Claude 4 Opus上下文窗口200K，工具调用准确率97.2%\n- 企业微信开放客服API，支持机器人与人工无缝转接\n- 飞书机器人框架2026年Q1更新，支持MCP协议接入\n- 中小电商企业客服人力成本月均¥4,500-6,000/人\n\n**执行SOP（5步走）**:\n1. 注册Anthropic API账号，申请企业级速率（填写use-case表单）\n2. 用Python+FastAPI搭建核心对话服务，接入Claude 4 Opus，设置system prompt为企业客服角色\n3. 对接企业微信/飞书Webhook，实现消息收发；配置知识库向量化（Qdrant/Milvus）\n4. 添加情绪识别层：当用户情绪值>阈值时自动转人工，并携带完整对话上下文\n5. 定价策略：首月¥1,999试用（含5000次对话），正式¥3,999/月（不限对话）+ ¥500/知识库更新\n\n**风险提示**: 企业微信API有调用频率限制（10,000次/分钟），需申请提高限额。客户数据需签署保密协议。\n\n**AI提示词模板（专业版专属）**:\n```\n你是一位专业的电商客服代表，名字叫小智。请遵循以下规则：\n1. 回答语气亲切、简洁，每条回复不超过80字（微信阅读习惯）\n2. 遇到退货/退款/投诉类问题，先安抚情绪再给出解决方案\n3. 不知道的问题不要编造，回复"我为您转接专属顾问"\n4. 每日首次打招呼时，主动推荐当日爆款商品\n\n用户问题：{{user_question}}\n商品知识库：{{product_kb}}\n历史订单：{{order_history}}\n```\n\n**可运行代码片段（专业版专属）**:\n```\n# FastAPI + Claude 4 客服Agent核心代码...create(\n            model="claude-4-opus", max_tokens=1000,\n            messages=[{"role":"user","content":f"整理为结构化客户档案：{raw}"}]\n        )\n        return profile.content[0].text\n\n    def generate_email(self, profile: str, product: str):\n        prompt = f"基于客户档案：{profile}\\n产品：{product}\\n请撰写Cold Email（100字以内）。"\n        resp = self.claude.messages.create(model="claude-4-opus", max_tokens=300,\n            messages=[{"role":"user","content":prompt}])\n        return resp.content[0].text\n```\n\n**来源链接**:\n- https://apollo.io\n- https://www.linkedin.com/sales/navigator\n- https://www.browser-use.com\n\n\n---\n\n## 今日SOP（标准操作流程）\n\n1. 浏览今日机会的核心数据支撑，确认信息时效性\n2. 选择1个最匹配自身技能/资源的机会，评估启动时间\n3. 完成该机会SOP的第1步（如注册账号、搭建环境、市场调研）\n4. 在Notion/飞书建立个人执行看板，记录进度\n\n---\n\n## 立即行动清单\n\n勾选你今天能完成的（即使只完成1项也是进步）：\n\n- [ ] 完成今日机会第1步SOP\n- [ ] 在目标平台完成注册/环境搭建\n- [ ] 触达1个潜在客户或目标用户\n- [ ] 在Notion中建立项目执行看板\n\n---\n\n## 本周工具测评\n\n**工具**: Claude 4 Opus\n**评分**: 9.5/10\n**优点**: 工具调用准确率97.2%, 200K上下文\n**缺点**: API价格较高, 国内直连不稳定\n**结论**: 本周推荐工具，建议优先试用。\n\n---\n\n## 会员专属彩蛋\n\n> **专业版会员可见**: 附赠：今日机会完整代码包 + 10个行业专用Prompt模板\n> 订阅后在本日报底部查看下载链接。\n\n---\n\n*本报告为样例，实际专业版日报更详细，含数据图表、竞品截图、法律风险提示。*\n*生成时间: 2026-06-15*\n'.lower
=========================== short test summary info ============================
FAILED tests/test_security_risk.py::TestSecurityStatic::test_sample_content_has_taskid
========================= 1 failed, 31 passed in 0.09s =========================
