============================= test session starts ==============================
platform linux -- Python 3.11.15, pytest-9.0.2, pluggy-1.6.0 -- /home/AgentAdmin/hermes-agent/venv/bin/python3
cachedir: .pytest_cache
rootdir: /home/AgentAdmin/.hermes/shared/dev-team/projects/knowledge-subscription
plugins: asyncio-1.3.0, timeout-2.4.0, anyio-4.12.1
asyncio: mode=Mode.STRICT, debug=False, asyncio_default_fixture_loop_scope=None, asyncio_default_test_loop_scope=function
collecting ... collected 10 items

tests/test_sample_pack_a6837f49.py::test_free_preview_exists PASSED      [ 10%]
tests/test_sample_pack_a6837f49.py::test_premium_catalog_exists PASSED   [ 20%]
tests/test_sample_pack_a6837f49.py::test_data_json_exists_and_valid PASSED [ 30%]
tests/test_sample_pack_a6837f49.py::test_week1_samples_all_exist PASSED  [ 40%]
tests/test_sample_pack_a6837f49.py::test_free_preview_has_comparison_table PASSED [ 50%]
tests/test_sample_pack_a6837f49.py::test_premium_catalog_has_pricing PASSED [ 60%]
tests/test_sample_pack_a6837f49.py::test_all_opportunities_have_required_fields PASSED [ 70%]
tests/test_sample_pack_a6837f49.py::test_no_guaranteed_income_claims PASSED [ 80%]
tests/test_sample_pack_a6837f49.py::test_delivery_checklist_exists PASSED [ 90%]
tests/test_sample_pack_a6837f49.py::test_week1_has_sunday_recap PASSED   [100%]

============================== 10 passed in 0.03s ==============================
