============================= test session starts ==============================
platform linux -- Python 3.11.15, pytest-9.0.2, pluggy-1.6.0 -- /home/AgentAdmin/hermes-agent/venv/bin/python3
cachedir: .pytest_cache
rootdir: /home/AgentAdmin/.hermes/shared/dev-team/projects/knowledge-subscription
plugins: asyncio-1.3.0, timeout-2.4.0, anyio-4.12.1
asyncio: mode=Mode.STRICT, debug=False, asyncio_default_fixture_loop_scope=None, asyncio_default_test_loop_scope=function
collecting ... collected 28 items

tests/test_subscription_acceptance.py::TestSubscriptionPlans::test_all_plans_have_required_fields PASSED [  3%]
tests/test_subscription_acceptance.py::TestSubscriptionPlans::test_custom_plan_pricing PASSED [  7%]
tests/test_subscription_acceptance.py::TestSubscriptionPlans::test_early_bird_plan_pricing PASSED [ 10%]
tests/test_subscription_acceptance.py::TestSubscriptionPlans::test_free_plan_exists PASSED [ 14%]
tests/test_subscription_acceptance.py::TestSubscriptionPlans::test_professional_plan_pricing PASSED [ 17%]
tests/test_subscription_acceptance.py::TestUserSubscription::test_custom_user_full_access PASSED [ 21%]
tests/test_subscription_acceptance.py::TestUserSubscription::test_daily_limit_calculation PASSED [ 25%]
tests/test_subscription_acceptance.py::TestUserSubscription::test_early_bird_user_access PASSED [ 28%]
tests/test_subscription_acceptance.py::TestUserSubscription::test_expired_subscription_blocks_access PASSED [ 32%]
tests/test_subscription_acceptance.py::TestUserSubscription::test_free_user_can_access_free_content PASSED [ 35%]
tests/test_subscription_acceptance.py::TestUserSubscription::test_free_user_cannot_access_paid_content PASSED [ 39%]
tests/test_subscription_acceptance.py::TestUserSubscription::test_professional_user_access PASSED [ 42%]
tests/test_subscription_acceptance.py::TestSubscriptionManager::test_cancel_subscription PASSED [ 46%]
tests/test_subscription_acceptance.py::TestSubscriptionManager::test_create_subscription PASSED [ 50%]
tests/test_subscription_acceptance.py::TestSubscriptionManager::test_get_subscription PASSED [ 53%]
tests/test_subscription_acceptance.py::TestSubscriptionManager::test_stats_calculation PASSED [ 57%]
tests/test_subscription_acceptance.py::TestSubscriptionManager::test_upgrade_subscription PASSED [ 60%]
tests/test_subscription_acceptance.py::TestPaymentGateway::test_alipay_requirements PASSED [ 64%]
tests/test_subscription_acceptance.py::TestPaymentGateway::test_payment_gateway_status PASSED [ 67%]
tests/test_subscription_acceptance.py::TestPaymentGateway::test_wechat_pay_requirements PASSED [ 71%]
tests/test_subscription_acceptance.py::TestRevenueProjections::test_growth_trajectory PASSED [ 75%]
tests/test_subscription_acceptance.py::TestRevenueProjections::test_month_12_revenue PASSED [ 78%]
tests/test_subscription_acceptance.py::TestRevenueProjections::test_month_1_revenue PASSED [ 82%]
tests/test_subscription_acceptance.py::TestRevenueProjections::test_projections_structure PASSED [ 85%]
tests/test_subscription_acceptance.py::TestContentDelivery::test_content_tiers_defined PASSED [ 89%]
tests/test_subscription_acceptance.py::TestContentDelivery::test_paid_content_protection PASSED [ 92%]
tests/test_subscription_acceptance.py::TestBlockingIssues::test_payment_gateway_pending PASSED [ 96%]
tests/test_subscription_acceptance.py::TestBlockingIssues::test_subscription_persistence PASSED [100%]

============================== 28 passed in 0.04s ==============================
