============================= test session starts ==============================
platform linux -- Python 3.11.15, pytest-9.0.3, pluggy-1.6.0 -- /home/AgentAdmin/.hermes/hermes-agent-v2026.5.7/.venv/bin/python3
cachedir: .pytest_cache
rootdir: /home/AgentAdmin/.hermes/shared/dev-team/projects/knowledge-subscription
plugins: anyio-4.12.1
collecting ... collected 21 items

tests/test_sample_pack_v5.py::TestFileExistence::test_free_preview_exists PASSED [  4%]
tests/test_sample_pack_v5.py::TestFileExistence::test_premium_catalog_exists PASSED [  9%]
tests/test_sample_pack_v5.py::TestFileExistence::test_week1_samples_exist PASSED [ 14%]
tests/test_sample_pack_v5.py::TestFileExistence::test_data_json_exists PASSED [ 19%]
tests/test_sample_pack_v5.py::TestFileExistence::test_delivery_checklist_exists PASSED [ 23%]
tests/test_sample_pack_v5.py::TestFileExistence::test_generator_exists PASSED [ 28%]
tests/test_sample_pack_v5.py::TestContentQuality::test_free_preview_has_task_id PASSED [ 33%]
tests/test_sample_pack_v5.py::TestContentQuality::test_free_preview_no_guaranteed_promise PASSED [ 38%]
tests/test_sample_pack_v5.py::TestContentQuality::test_free_preview_has_conversion_entry PASSED [ 42%]
tests/test_sample_pack_v5.py::TestContentQuality::test_free_preview_has_revenue_data PASSED [ 47%]
tests/test_sample_pack_v5.py::TestContentQuality::test_premium_catalog_has_pricing PASSED [ 52%]
tests/test_sample_pack_v5.py::TestContentQuality::test_premium_catalog_has_faq PASSED [ 57%]
tests/test_sample_pack_v5.py::TestContentQuality::test_premium_catalog_has_columns PASSED [ 61%]
tests/test_sample_pack_v5.py::TestContentQuality::test_data_json_valid_structure PASSED [ 66%]
tests/test_sample_pack_v5.py::TestContentQuality::test_all_opportunities_have_required_fields PASSED [ 71%]
tests/test_sample_pack_v5.py::TestContentQuality::test_week_reports_have_risk_disclaimer PASSED [ 76%]
tests/test_sample_pack_v5.py::TestContentQuality::test_week_reports_have_checklist PASSED [ 80%]
tests/test_sample_pack_v5.py::TestContentQuality::test_delivery_checklist_has_verification_commands PASSED [ 85%]
tests/test_sample_pack_v5.py::TestContentQuality::test_delivery_checklist_has_profit_analysis PASSED [ 90%]
tests/test_sample_pack_v5.py::TestContentQuality::test_free_preview_opportunities_match_json PASSED [ 95%]
tests/test_sample_pack_v5.py::TestContentQuality::test_content_minimum_length PASSED [100%]

============================== 21 passed in 0.03s ==============================
