============================= test session starts ==============================
platform linux -- Python 3.11.15, pytest-9.0.3, pluggy-1.6.0 -- /home/AgentAdmin/.hermes/hermes-agent-v2026.5.7/.venv/bin/python
cachedir: .pytest_cache
rootdir: /home/AgentAdmin/.hermes/shared/dev-team/projects/knowledge-subscription
plugins: anyio-4.12.1
collecting ... collected 107 items

tests/test_report_generator.py::TestScorecardStructure::test_file_exists PASSED [  0%]
tests/test_report_generator.py::TestScorecardStructure::test_has_12_directions PASSED [  1%]
tests/test_report_generator.py::TestScorecardStructure::test_has_required_sections PASSED [  2%]
tests/test_report_generator.py::TestScorecardStructure::test_has_scoring_dimensions PASSED [  3%]
tests/test_report_generator.py::TestScorecardStructure::test_has_task_id PASSED [  4%]
tests/test_report_generator.py::TestScorecardStructure::test_has_weighted_scores PASSED [  5%]
tests/test_report_generator.py::TestTop3Directions::test_top3_have_content_plans PASSED [  6%]
tests/test_report_generator.py::TestTop3Directions::test_top3_have_expected_metrics PASSED [  7%]
tests/test_report_generator.py::TestTop3Directions::test_top3_have_high_scores PASSED [  8%]
tests/test_report_generator.py::TestValidationExperiment::test_has_4week_plan PASSED [  9%]
tests/test_report_generator.py::TestValidationExperiment::test_has_metrics_table PASSED [ 10%]
tests/test_report_generator.py::TestValidationExperiment::test_has_success_criteria PASSED [ 11%]
tests/test_report_generator.py::TestValidationExperiment::test_has_weekly_breakdown PASSED [ 12%]
tests/test_report_generator.py::TestMarketEvidence::test_has_competitor_references PASSED [ 13%]
tests/test_report_generator.py::TestMarketEvidence::test_has_evidence_quotes PASSED [ 14%]
tests/test_report_generator.py::TestMarketEvidence::test_has_pricing_data PASSED [ 14%]
tests/test_report_generator.py::TestVerdictCompliance::test_references_verdict PASSED [ 15%]
tests/test_report_generator.py::TestVerdictCompliance::test_score_above_threshold PASSED [ 16%]
tests/test_report_generator.py::TestVerdictCompliance::test_verdict_is_go PASSED [ 17%]
tests/test_report_generator.py::TestReportGenerator::test_can_generate_summary_json PASSED [ 18%]
tests/test_report_generator.py::TestReportGenerator::test_report_completeness PASSED [ 19%]
tests/test_sample_pack.py::TestFileExistence::test_data_json_exists PASSED [ 20%]
tests/test_sample_pack.py::TestFileExistence::test_delivery_checklist_exists PASSED [ 21%]
tests/test_sample_pack.py::TestFileExistence::test_free_preview_exists PASSED [ 22%]
tests/test_sample_pack.py::TestFileExistence::test_premium_catalog_exists PASSED [ 23%]
tests/test_sample_pack.py::TestFileExistence::test_week1_samples_exist PASSED [ 24%]
tests/test_sample_pack.py::TestFreePreviewContent::test_has_comparison_table PASSED [ 25%]
tests/test_sample_pack.py::TestFreePreviewContent::test_has_cta PASSED   [ 26%]
tests/test_sample_pack.py::TestFreePreviewContent::test_has_profit_estimates PASSED [ 27%]
tests/test_sample_pack.py::TestFreePreviewContent::test_has_three_opportunities PASSED [ 28%]
tests/test_sample_pack.py::TestFreePreviewContent::test_no_overpromise PASSED [ 28%]
tests/test_sample_pack.py::TestPremiumCatalogContent::test_has_columns PASSED [ 29%]
tests/test_sample_pack.py::TestPremiumCatalogContent::test_has_faq PASSED [ 30%]
tests/test_sample_pack.py::TestPremiumCatalogContent::test_has_pricing PASSED [ 31%]
tests/test_sample_pack.py::TestPremiumCatalogContent::test_has_six_opportunities PASSED [ 32%]
tests/test_sample_pack.py::TestWeek1SamplesContent::test_all_have_checklist PASSED [ 33%]
tests/test_sample_pack.py::TestWeek1SamplesContent::test_all_have_member_exclusive PASSED [ 34%]
tests/test_sample_pack.py::TestWeek1SamplesContent::test_all_have_sop PASSED [ 35%]
tests/test_sample_pack.py::TestDataJson::test_each_opportunity_has_required_fields PASSED [ 36%]
tests/test_sample_pack.py::TestDataJson::test_has_opportunities PASSED   [ 37%]
tests/test_sample_pack.py::TestDataJson::test_has_schedule PASSED        [ 38%]
tests/test_sample_pack.py::TestDeliveryChecklist::test_has_next_steps PASSED [ 39%]
tests/test_sample_pack.py::TestDeliveryChecklist::test_has_profit_analysis PASSED [ 40%]
tests/test_sample_pack.py::TestDeliveryChecklist::test_has_task_id PASSED [ 41%]
tests/test_sample_pack.py::TestDeliveryChecklist::test_has_verification_commands PASSED [ 42%]
tests/test_subscription_acceptance.py::TestSubscriptionPlans::test_all_plans_have_required_fields PASSED [ 42%]
tests/test_subscription_acceptance.py::TestSubscriptionPlans::test_custom_plan_pricing PASSED [ 43%]
tests/test_subscription_acceptance.py::TestSubscriptionPlans::test_early_bird_plan_pricing PASSED [ 44%]
tests/test_subscription_acceptance.py::TestSubscriptionPlans::test_free_plan_exists PASSED [ 45%]
tests/test_subscription_acceptance.py::TestSubscriptionPlans::test_professional_plan_pricing PASSED [ 46%]
tests/test_subscription_acceptance.py::TestUserSubscription::test_custom_user_full_access PASSED [ 47%]
tests/test_subscription_acceptance.py::TestUserSubscription::test_daily_limit_calculation PASSED [ 48%]
tests/test_subscription_acceptance.py::TestUserSubscription::test_early_bird_user_access PASSED [ 49%]
tests/test_subscription_acceptance.py::TestUserSubscription::test_expired_subscription_blocks_access PASSED [ 50%]
tests/test_subscription_acceptance.py::TestUserSubscription::test_free_user_can_access_free_content PASSED [ 51%]
tests/test_subscription_acceptance.py::TestUserSubscription::test_free_user_cannot_access_paid_content PASSED [ 52%]
tests/test_subscription_acceptance.py::TestUserSubscription::test_professional_user_access PASSED [ 53%]
tests/test_subscription_acceptance.py::TestSubscriptionManager::test_cancel_subscription PASSED [ 54%]
tests/test_subscription_acceptance.py::TestSubscriptionManager::test_create_subscription PASSED [ 55%]
tests/test_subscription_acceptance.py::TestSubscriptionManager::test_get_subscription PASSED [ 56%]
tests/test_subscription_acceptance.py::TestSubscriptionManager::test_stats_calculation PASSED [ 57%]
tests/test_subscription_acceptance.py::TestSubscriptionManager::test_upgrade_subscription PASSED [ 57%]
tests/test_subscription_acceptance.py::TestPaymentGateway::test_alipay_requirements PASSED [ 58%]
tests/test_subscription_acceptance.py::TestPaymentGateway::test_payment_gateway_status PASSED [ 59%]
tests/test_subscription_acceptance.py::TestPaymentGateway::test_wechat_pay_requirements PASSED [ 60%]
tests/test_subscription_acceptance.py::TestRevenueProjections::test_growth_trajectory PASSED [ 61%]
tests/test_subscription_acceptance.py::TestRevenueProjections::test_month_12_revenue PASSED [ 62%]
tests/test_subscription_acceptance.py::TestRevenueProjections::test_month_1_revenue PASSED [ 63%]
tests/test_subscription_acceptance.py::TestRevenueProjections::test_projections_structure PASSED [ 64%]
tests/test_subscription_acceptance.py::TestContentDelivery::test_content_tiers_defined PASSED [ 65%]
tests/test_subscription_acceptance.py::TestContentDelivery::test_paid_content_protection PASSED [ 66%]
tests/test_subscription_acceptance.py::TestBlockingIssues::test_payment_gateway_pending PASSED [ 67%]
tests/test_subscription_acceptance.py::TestBlockingIssues::test_subscription_persistence PASSED [ 68%]
tests/test_substack_adapter.py::test_no_credentials PASSED               [ 69%]
tests/test_substack_adapter.py::test_publication_url_only PASSED         [ 70%]
tests/test_substack_adapter.py::test_full_credentials PASSED             [ 71%]
tests/test_substack_adapter.py::test_invalid_publication_url PASSED      [ 71%]
tests/test_substack_adapter.py::test_basic_render PASSED                 [ 72%]
tests/test_substack_adapter.py::test_render_no_cta PASSED                [ 73%]
tests/test_substack_adapter.py::test_render_tags_formatting PASSED       [ 74%]
tests/test_substack_adapter.py::test_publish_no_credentials_creates_manual_outbox PASSED [ 75%]
tests/test_substack_adapter.py::test_publish_with_url_creates_semi_auto PASSED [ 76%]
tests/test_substack_adapter.py::test_valid_config PASSED                 [ 77%]
tests/test_substack_adapter.py::test_unknown_credential_fields PASSED    [ 78%]
tests/test_substack_automation.py::TestPublishResultAccuracy::test_fail_result_structure PASSED [ 79%]
tests/test_substack_automation.py::TestPublishResultAccuracy::test_ok_result_structure PASSED [ 80%]
tests/test_substack_automation.py::TestPublishResultAccuracy::test_result_immutable_dict_behavior PASSED [ 81%]
tests/test_substack_automation.py::TestSubstackAdapterSafety::test_adapter_never_auto_publishes PASSED [ 82%]
tests/test_substack_automation.py::TestSubstackAdapterSafety::test_adapter_risk_level PASSED [ 83%]
tests/test_substack_automation.py::TestSubstackAdapterSafety::test_creates_outbox_file PASSED [ 84%]
tests/test_substack_automation.py::TestSubstackAdapterSafety::test_no_credentials_in_output PASSED [ 85%]
tests/test_substack_automation.py::TestSubstackAdapterSafety::test_publish_returns_manual_mode PASSED [ 85%]
tests/test_substack_automation.py::TestSubstackAdapterSafety::test_publish_returns_success_but_manual PASSED [ 86%]
tests/test_substack_automation.py::TestSubstackAdapterSafety::test_render_text_no_credential_leakage PASSED [ 87%]
tests/test_substack_automation.py::TestQueueStateTransitions::test_manual_mode_does_not_become_published PASSED [ 88%]
tests/test_substack_automation.py::TestQueueStateTransitions::test_needs_credentials_state_handling PASSED [ 89%]
tests/test_substack_automation.py::TestQueueStateTransitions::test_route_post_to_ready_manual_publish PASSED [ 90%]
tests/test_substack_automation.py::TestQueueStateTransitions::test_substack_auto_publish_disabled PASSED [ 91%]
tests/test_substack_automation.py::TestCredentialLeakagePrevention::test_no_hardcoded_credentials_in_adapters PASSED [ 92%]
tests/test_substack_automation.py::TestCredentialLeakagePrevention::test_safe_error_messages PASSED [ 93%]
tests/test_substack_automation.py::TestSubstackSpecificBehavior::test_adapter_name_registration PASSED [ 94%]
tests/test_substack_automation.py::TestSubstackSpecificBehavior::test_multiple_aliases_all_use_same_adapter PASSED [ 95%]
tests/test_substack_automation.py::TestSubstackSpecificBehavior::test_substack_adapter_is_manual_only PASSED [ 96%]
tests/test_substack_automation.py::TestEndToEndSafety::test_complete_substack_workflow PASSED [ 97%]
tests/test_substack_automation.py::TestSmokeWithoutCredentials::test_smoke_substack_without_any_credentials PASSED [ 98%]
tests/test_substack_automation.py::TestFalsePositivePrevention::test_no_accidental_published_status PASSED [ 99%]
tests/test_substack_automation.py::TestFalsePositivePrevention::test_success_true_but_not_published PASSED [100%]

============================= 107 passed in 0.12s ==============================
