============================= test session starts ==============================
platform linux -- Python 3.11.15, pytest-9.0.3, pluggy-1.6.0 -- /home/AgentAdmin/.hermes/hermes-agent-v2026.5.7/.venv/bin/python3
cachedir: .pytest_cache
rootdir: /home/AgentAdmin/.hermes/shared/dev-team/projects/knowledge-subscription
plugins: anyio-4.12.1
collecting ... collected 21 items

tests/test_sample_pack_v5.py::TestFileExistence::test_free_preview_exists PASSED [  4%]
tests/test_sample_pack_v5.py::TestFileExistence::test_premium_catalog_exists PASSED [  9%]
tests/test_sample_pack_v5.py::TestFileExistence::test_week1_samples_exist PASSED [ 14%]
tests/test_sample_pack_v5.py::TestFileExistence::test_data_json_exists PASSED [ 19%]
tests/test_sample_pack_v5.py::TestFileExistence::test_delivery_checklist_exists PASSED [ 23%]
tests/test_sample_pack_v5.py::TestFileExistence::test_generator_exists PASSED [ 28%]
tests/test_sample_pack_v5.py::TestContentQuality::test_free_preview_has_task_id PASSED [ 33%]
tests/test_sample_pack_v5.py::TestContentQuality::test_free_preview_no_guaranteed_promise PASSED [ 38%]
tests/test_sample_pack_v5.py::TestContentQuality::test_free_preview_has_conversion_entry PASSED [ 42%]
tests/test_sample_pack_v5.py::TestContentQuality::test_free_preview_has_revenue_data PASSED [ 47%]
tests/test_sample_pack_v5.py::TestContentQuality::test_premium_catalog_has_pricing PASSED [ 52%]
tests/test_sample_pack_v5.py::TestContentQuality::test_premium_catalog_has_faq PASSED [ 57%]
tests/test_sample_pack_v5.py::TestContentQuality::test_premium_catalog_has_columns PASSED [ 61%]
tests/test_sample_pack_v5.py::TestContentQuality::test_data_json_valid_structure PASSED [ 66%]
tests/test_sample_pack_v5.py::TestContentQuality::test_all_opportunities_have_required_fields PASSED [ 71%]
tests/test_sample_pack_v5.py::TestContentQuality::test_week_reports_have_risk_disclaimer PASSED [ 76%]
tests/test_sample_pack_v5.py::TestContentQuality::test_week_reports_have_checklist FAILED [ 80%]
tests/test_sample_pack_v5.py::TestContentQuality::test_delivery_checklist_has_verification_commands PASSED [ 85%]
tests/test_sample_pack_v5.py::TestContentQuality::test_delivery_checklist_has_profit_analysis PASSED [ 90%]
tests/test_sample_pack_v5.py::TestContentQuality::test_free_preview_opportunities_match_json PASSED [ 95%]
tests/test_sample_pack_v5.py::TestContentQuality::test_content_minimum_length PASSED [100%]

=================================== FAILURES ===================================
_____________ TestContentQuality.test_week_reports_have_checklist ______________
tests/test_sample_pack_v5.py:123: in test_week_reports_have_checklist
    assert "[ ]" in text or "检查清单" in text or "行动" in text
E   assert ('[ ]' in '# AI赚钱机会雷达 - 周一日报 | 新机会首发\n\n**标题**: 首发独占：AI Agent 客服 SaaS — 5 天搭建、月收 ¥5,000+ 的完整路径\n**日期**: 2026-05-24\n**主题**: 新机会首发\n**来源**: AI赚钱机会雷达 - 专业版首周样例\n**任务ID**: 994f3629\n**版本**: v5.0\n\n---\n\n## 今日核心内容\n\n### AI Agent 自动化客服 SaaS\n**分类**: AI基础设施/SaaS | **难度**: ⭐⭐⭐ | **启动时间**: 5-10天\n\n**收益预估**: ¥5,000-30,000/月（毛利率 >85%）\n\n#### 机会摘要\n为中小电商/本地生活商家搭建 AI 客服 Agent，用 Dify/Coze + 企业微信/飞书接入，自动处理 80% 重复咨询，按月收取 SaaS 订阅费。\n\n#### 数据支撑\n- Dify GitHub 44k+ stars，企业版定价 $199/月，验证 B2B 需求\n- 淘宝/拼多多商家日均咨询 200-2000 条，人工客服成本 ¥3,000-8,000/月\n- Coze 国内生态月活超 500 万，Bot 商店头部应用日调用 10 万+\n- 1688 上 \'智能客服系统\' 月销 300+ 套，均价 ¥299\n\n#### 执行步骤（5 步启动）\n1. 注册 Dify 开源版或 Coze 专业版，熟悉工作流编排和知识库 RAG\n2. 选择 1 个目标行业（推荐：餐饮外卖/母婴电商），收集 50 条真实 FAQ 训练知识库\n3. 搭建标准工作流：用户问题 -> 意图分类 -> RAG 检索 -> LLM 生成回复 -> 人工兜底\n4. 制作 3 分钟演示视频（录屏：用户提问 -> Agent 秒回），作为销售物料\n5. 在闲鱼/小红书/行业群发免费试用（7 天），转化率目标 15%，定价 ¥299/月起步\n\n#### AI 提示词模板（专业版可直接复制使用）\n```text\n你是一位专业的【行业】客服顾问。请根据以下知识库内容，用亲切、口语化的中文回复用户问题。如果知识库中没有答案，回复"这个问题比较特殊，我帮您转接人工专员，请稍等~"。\n\n知识库：\n{{knowledge_base}}\n\n用户问题：{{user_question}}\n\n请直接输出回复内容，不要加任何解释。\n```\n\n#### 参考链接\n- https://github.com/langgenius/dify\n- https://www.coze.com/\n- https://dify.ai/pricing\n\n**标签**: AI Agent, SaaS, 客服自动化, Dify, Coze\n---\n\n## 会员专属资源\n\n**48 小时内专业版独占 | 附赠 Dify 工作流 JSON + 知识库模板**\n\n> 提示：以上内容仅限专业版订阅者查看。免费试看版仅展示摘要。\n> 订阅后可解锁完整 SOP、代码模板、提示词和会员群。\n\n---\n\n## 今日执行工具箱\n\n| 工具 | 用途 | 链接 |\n|------|------|------|\n| Cursor | AI 编程 IDE | https://www.cursor.com/ |\n| Dify | AI Agent 搭建平台 | https://dify.ai/ |\n| n8n | 自动化工作流 | https://n8n.io/ |\n| HeyGen | AI 数字人视频 | https://www.heygen.com/ |\n| Plasmo | Chrome 扩展框架 | https://www.plasmo.com/ |\n\n---\n\n## 风险提示\n\n- 所有收益数字均为估算，不保证任何结果。\n- 市场变化、平台政策调整可能影响机会可行性。\n- 所有机会均需投入时间学习和执行，不存在" passive income"。\n- 涉及第三方平台的内容，请自行评估合规风险。\n\n---\n\n*本日报由 Dev Team 自动生成 | 任务ID: 994f3629*\n' or '检查清单' in '# AI赚钱机会雷达 - 周一日报 | 新机会首发\n\n**标题**: 首发独占：AI Agent 客服 SaaS — 5 天搭建、月收 ¥5,000+ 的完整路径\n**日期**: 2026-05-24\n**主题**: 新机会首发\n**来源**: AI赚钱机会雷达 - 专业版首周样例\n**任务ID**: 994f3629\n**版本**: v5.0\n\n---\n\n## 今日核心内容\n\n### AI Agent 自动化客服 SaaS\n**分类**: AI基础设施/SaaS | **难度**: ⭐⭐⭐ | **启动时间**: 5-10天\n\n**收益预估**: ¥5,000-30,000/月（毛利率 >85%）\n\n#### 机会摘要\n为中小电商/本地生活商家搭建 AI 客服 Agent，用 Dify/Coze + 企业微信/飞书接入，自动处理 80% 重复咨询，按月收取 SaaS 订阅费。\n\n#### 数据支撑\n- Dify GitHub 44k+ stars，企业版定价 $199/月，验证 B2B 需求\n- 淘宝/拼多多商家日均咨询 200-2000 条，人工客服成本 ¥3,000-8,000/月\n- Coze 国内生态月活超 500 万，Bot 商店头部应用日调用 10 万+\n- 1688 上 \'智能客服系统\' 月销 300+ 套，均价 ¥299\n\n#### 执行步骤（5 步启动）\n1. 注册 Dify 开源版或 Coze 专业版，熟悉工作流编排和知识库 RAG\n2. 选择 1 个目标行业（推荐：餐饮外卖/母婴电商），收集 50 条真实 FAQ 训练知识库\n3. 搭建标准工作流：用户问题 -> 意图分类 -> RAG 检索 -> LLM 生成回复 -> 人工兜底\n4. 制作 3 分钟演示视频（录屏：用户提问 -> Agent 秒回），作为销售物料\n5. 在闲鱼/小红书/行业群发免费试用（7 天），转化率目标 15%，定价 ¥299/月起步\n\n#### AI 提示词模板（专业版可直接复制使用）\n```text\n你是一位专业的【行业】客服顾问。请根据以下知识库内容，用亲切、口语化的中文回复用户问题。如果知识库中没有答案，回复"这个问题比较特殊，我帮您转接人工专员，请稍等~"。\n\n知识库：\n{{knowledge_base}}\n\n用户问题：{{user_question}}\n\n请直接输出回复内容，不要加任何解释。\n```\n\n#### 参考链接\n- https://github.com/langgenius/dify\n- https://www.coze.com/\n- https://dify.ai/pricing\n\n**标签**: AI Agent, SaaS, 客服自动化, Dify, Coze\n---\n\n## 会员专属资源\n\n**48 小时内专业版独占 | 附赠 Dify 工作流 JSON + 知识库模板**\n\n> 提示：以上内容仅限专业版订阅者查看。免费试看版仅展示摘要。\n> 订阅后可解锁完整 SOP、代码模板、提示词和会员群。\n\n---\n\n## 今日执行工具箱\n\n| 工具 | 用途 | 链接 |\n|------|------|------|\n| Cursor | AI 编程 IDE | https://www.cursor.com/ |\n| Dify | AI Agent 搭建平台 | https://dify.ai/ |\n| n8n | 自动化工作流 | https://n8n.io/ |\n| HeyGen | AI 数字人视频 | https://www.heygen.com/ |\n| Plasmo | Chrome 扩展框架 | https://www.plasmo.com/ |\n\n---\n\n## 风险提示\n\n- 所有收益数字均为估算，不保证任何结果。\n- 市场变化、平台政策调整可能影响机会可行性。\n- 所有机会均需投入时间学习和执行，不存在" passive income"。\n- 涉及第三方平台的内容，请自行评估合规风险。\n\n---\n\n*本日报由 Dev Team 自动生成 | 任务ID: 994f3629*\n' or '行动' in '# AI赚钱机会雷达 - 周一日报 | 新机会首发\n\n**标题**: 首发独占：AI Agent 客服 SaaS — 5 天搭建、月收 ¥5,000+ 的完整路径\n**日期**: 2026-05-24\n**主题**: 新机会首发\n**来源**: AI赚钱机会雷达 - 专业版首周样例\n**任务ID**: 994f3629\n**版本**: v5.0\n\n---\n\n## 今日核心内容\n\n### AI Agent 自动化客服 SaaS\n**分类**: AI基础设施/SaaS | **难度**: ⭐⭐⭐ | **启动时间**: 5-10天\n\n**收益预估**: ¥5,000-30,000/月（毛利率 >85%）\n\n#### 机会摘要\n为中小电商/本地生活商家搭建 AI 客服 Agent，用 Dify/Coze + 企业微信/飞书接入，自动处理 80% 重复咨询，按月收取 SaaS 订阅费。\n\n#### 数据支撑\n- Dify GitHub 44k+ stars，企业版定价 $199/月，验证 B2B 需求\n- 淘宝/拼多多商家日均咨询 200-2000 条，人工客服成本 ¥3,000-8,000/月\n- Coze 国内生态月活超 500 万，Bot 商店头部应用日调用 10 万+\n- 1688 上 \'智能客服系统\' 月销 300+ 套，均价 ¥299\n\n#### 执行步骤（5 步启动）\n1. 注册 Dify 开源版或 Coze 专业版，熟悉工作流编排和知识库 RAG\n2. 选择 1 个目标行业（推荐：餐饮外卖/母婴电商），收集 50 条真实 FAQ 训练知识库\n3. 搭建标准工作流：用户问题 -> 意图分类 -> RAG 检索 -> LLM 生成回复 -> 人工兜底\n4. 制作 3 分钟演示视频（录屏：用户提问 -> Agent 秒回），作为销售物料\n5. 在闲鱼/小红书/行业群发免费试用（7 天），转化率目标 15%，定价 ¥299/月起步\n\n#### AI 提示词模板（专业版可直接复制使用）\n```text\n你是一位专业的【行业】客服顾问。请根据以下知识库内容，用亲切、口语化的中文回复用户问题。如果知识库中没有答案，回复"这个问题比较特殊，我帮您转接人工专员，请稍等~"。\n\n知识库：\n{{knowledge_base}}\n\n用户问题：{{user_question}}\n\n请直接输出回复内容，不要加任何解释。\n```\n\n#### 参考链接\n- https://github.com/langgenius/dify\n- https://www.coze.com/\n- https://dify.ai/pricing\n\n**标签**: AI Agent, SaaS, 客服自动化, Dify, Coze\n---\n\n## 会员专属资源\n\n**48 小时内专业版独占 | 附赠 Dify 工作流 JSON + 知识库模板**\n\n> 提示：以上内容仅限专业版订阅者查看。免费试看版仅展示摘要。\n> 订阅后可解锁完整 SOP、代码模板、提示词和会员群。\n\n---\n\n## 今日执行工具箱\n\n| 工具 | 用途 | 链接 |\n|------|------|------|\n| Cursor | AI 编程 IDE | https://www.cursor.com/ |\n| Dify | AI Agent 搭建平台 | https://dify.ai/ |\n| n8n | 自动化工作流 | https://n8n.io/ |\n| HeyGen | AI 数字人视频 | https://www.heygen.com/ |\n| Plasmo | Chrome 扩展框架 | https://www.plasmo.com/ |\n\n---\n\n## 风险提示\n\n- 所有收益数字均为估算，不保证任何结果。\n- 市场变化、平台政策调整可能影响机会可行性。\n- 所有机会均需投入时间学习和执行，不存在" passive income"。\n- 涉及第三方平台的内容，请自行评估合规风险。\n\n---\n\n*本日报由 Dev Team 自动生成 | 任务ID: 994f3629*\n')
=========================== short test summary info ============================
FAILED tests/test_sample_pack_v5.py::TestContentQuality::test_week_reports_have_checklist
========================= 1 failed, 20 passed in 0.06s =========================
